2025-10-21 13:11:10, MOVE, v:1, k:poo@roupa, mode:DOWN
2025-10-21 13:38:17, MOVE, v:1, k:poo@roupa, mode:PICK
2025-10-21 13:38:35, EXEC, v:1, k:poo@roupa, mode:FREE, size:13
2025-10-21 13:38:50, EXEC, v:1, k:poo@roupa, mode:FULL, rate:0
2025-10-21 13:45:05, EXEC, v:1, k:poo@roupa, mode:FREE, size:25
2025-10-21 13:57:27, MOVE, v:1, k:poo@roupa, mode:PICK
2025-10-21 13:57:32, EXEC, v:1, k:poo@roupa, mode:FREE, size:25
2025-10-21 13:59:34, MOVE, v:1, k:poo@roupa, mode:PICK
2025-10-21 13:59:36, EXEC, v:1, k:poo@roupa, mode:FREE, size:26
2025-10-21 14:00:10, EXEC, v:1, k:poo@roupa, mode:FULL, rate:0
2025-10-21 14:00:10, EXEC, v:1, k:poo@roupa, mode:FULL, rate:0
2025-10-21 14:00:59, MOVE, v:1, k:poo@roupa, mode:BACK
2025-10-21 14:01:01, MOVE, v:1, k:poo@roupa, mode:PICK
2025-10-21 14:01:02, EXEC, v:1, k:poo@roupa, mode:FULL, rate:0, size:26
2025-10-21 14:01:03, EXEC, v:1, k:poo@roupa, mode:FULL, rate:0
2025-10-21 14:01:39, EXEC, v:1, k:poo@roupa, mode:FULL, rate:100, size:25
2025-10-21 14:15:10, MOVE, v:1, k:poo@roupa, mode:PICK
2025-10-21 14:15:12, EXEC, v:1, k:poo@roupa, mode:FREE, size:25
2025-10-21 14:15:17, EXEC, v:1, k:poo@roupa, mode:FULL, rate:0
2025-10-21 14:15:26, EXEC, v:1, k:poo@roupa, mode:FULL, rate:0, size:25
2025-10-21 14:15:36, EXEC, v:1, k:poo@roupa, mode:FULL, rate:0, size:25
2025-10-21 14:16:03, EXEC, v:1, k:poo@roupa, mode:FULL, rate:0
2025-10-21 14:16:22, EXEC, v:1, k:poo@roupa, mode:FULL, rate:0, size:25
2025-10-21 14:17:12, EXEC, v:1, k:poo@roupa, mode:FULL, rate:0, size:25
2025-10-21 14:17:40, EXEC, v:1, k:poo@roupa, mode:FULL, rate:0, size:25
2025-10-21 14:18:27, EXEC, v:1, k:poo@roupa, mode:FULL, rate:0, size:25
2025-10-21 14:20:19, EXEC, v:1, k:poo@roupa, mode:FULL, rate:0, size:25
2025-10-21 14:20:20, EXEC, v:1, k:poo@roupa, mode:FULL, rate:0
2025-10-21 14:20:38, EXEC, v:1, k:poo@roupa, mode:FULL, rate:0, size:25
2025-10-21 14:21:23, EXEC, v:1, k:poo@roupa, mode:FULL, rate:0, size:25
2025-10-21 14:22:11, EXEC, v:1, k:poo@roupa, mode:FULL, rate:100, size:25
2025-10-21 20:05:03, MOVE, v:1, k:poo@roupa, mode:PICK
2025-10-21 20:05:16, EXEC, v:1, k:poo@roupa, mode:FULL, rate:100
2025-10-21 20:05:32, EXEC, v:1, k:poo@roupa, mode:FREE
2025-10-21 20:13:46, MOVE, v:1, k:poo@chinela, mode:PICK
2025-10-21 20:13:49, EXEC, v:1, k:poo@chinela, mode:FREE, size:18
2025-10-21 20:14:18, EXEC, v:1, k:poo@chinela, mode:FREE
